<?xml version="1.0" encoding="UTF-8"?>
<!-- Generated by org.testng.reporters.JUnitReportReporter -->
<testsuite hostname="VIJAY" failures="0" tests="1" name="fetching_data_from_responce.Fetching_Values_From_Responce" time="2.413" errors="0" timestamp="2024-03-04T22:40:57 IST" skipped="0">
  <testcase classname="fetching_data_from_responce.Fetching_Values_From_Responce" name="fetchdata" time="2.413"/>
  <system-out/>
</testsuite> <!-- fetching_data_from_responce.Fetching_Values_From_Responce -->
