<?xml version="1.0" encoding="UTF-8"?>
<!-- Generated by org.testng.reporters.JUnitReportReporter -->
<testsuite hostname="VIJAY" failures="0" tests="1" name="basiccalls.Get_SingleuserUsingPathParam" time="3.385" errors="0" timestamp="2024-03-04T16:25:10 IST" skipped="0">
  <testcase classname="basiccalls.Get_SingleuserUsingPathParam" name="getsingleuserdetail" time="3.385"/>
  <system-out/>
</testsuite> <!-- basiccalls.Get_SingleuserUsingPathParam -->
