<?xml version="1.0" encoding="UTF-8"?>
<!-- Generated by org.testng.reporters.JUnitReportReporter -->
<testsuite hostname="VIJAY" failures="0" tests="1" name="fetching_data_from_responce.UsingJsonPathClassToReadReadyMadeJson" time="1.808" errors="0" timestamp="2024-03-05T10:39:08 IST" skipped="0">
  <testcase classname="fetching_data_from_responce.UsingJsonPathClassToReadReadyMadeJson" name="readData" time="1.808"/>
  <system-out/>
</testsuite> <!-- fetching_data_from_responce.UsingJsonPathClassToReadReadyMadeJson -->
