<?xml version="1.0" encoding="UTF-8"?>
<!-- Generated by org.testng.reporters.JUnitReportReporter -->
<testsuite hostname="VIJAY" failures="0" tests="1" name="practice.FetchDatafromresponsewithsimplejson" time="3.480" errors="0" timestamp="2024-03-07T15:41:25 IST" skipped="0">
  <testcase classname="practice.FetchDatafromresponsewithsimplejson" name="mymethod" time="3.480"/>
  <system-out/>
</testsuite> <!-- practice.FetchDatafromresponsewithsimplejson -->
