<?xml version="1.0" encoding="UTF-8"?>
<!-- Generated by org.testng.reporters.JUnitReportReporter -->
<testsuite hostname="VIJAY" failures="0" tests="1" name="specbuilder.CreateUser" time="3.423" errors="0" timestamp="2024-03-08T12:04:07 IST" skipped="0">
  <testcase classname="specbuilder.CreateUser" name="createUser" time="3.423"/>
  <system-out/>
</testsuite> <!-- specbuilder.CreateUser -->
