<?xml version="1.0" encoding="UTF-8"?>
<!-- Generated by org.testng.reporters.JUnitReportReporter -->
<testsuite hostname="VIJAY" failures="0" tests="1" name="practice.GetMethodWithQueryParam" time="2.714" errors="0" timestamp="2024-03-04T22:32:00 IST" skipped="0">
  <testcase classname="practice.GetMethodWithQueryParam" name="getwithquery" time="2.714"/>
  <system-out/>
</testsuite> <!-- practice.GetMethodWithQueryParam -->
