<?xml version="1.0" encoding="UTF-8"?>
<!-- Generated by org.testng.reporters.JUnitReportReporter -->
<testsuite hostname="VIJAY" failures="0" tests="1" name="practice_Pojo.SerialzationAndDeserilizatin" time="0.455" errors="0" timestamp="2024-03-07T14:11:35 IST" skipped="0">
  <testcase classname="practice_Pojo.SerialzationAndDeserilizatin" name="serialAndDeserial" time="0.455"/>
  <system-out/>
</testsuite> <!-- practice_Pojo.SerialzationAndDeserilizatin -->
