<?xml version="1.0" encoding="UTF-8"?>
<!-- Generated by org.testng.reporters.JUnitReportReporter -->
<testsuite hostname="VIJAY" failures="0" tests="1" name="basiccalls.GET_listofUsersWithQueryParam" time="3.043" errors="0" timestamp="2024-03-04T14:24:26 IST" skipped="0">
  <testcase classname="basiccalls.GET_listofUsersWithQueryParam" name="getlistofusers" time="3.043"/>
  <system-out/>
</testsuite> <!-- basiccalls.GET_listofUsersWithQueryParam -->
