<?xml version="1.0" encoding="UTF-8"?>
<!-- Generated by org.testng.reporters.JUnitReportReporter -->
<testsuite hostname="VIJAY" failures="0" tests="1" name="serializationanddeserialization.POST_CreateUser" time="6.368" errors="0" timestamp="2024-03-07T23:52:41 IST" skipped="0">
  <testcase classname="serializationanddeserialization.POST_CreateUser" name="createUser" time="6.368"/>
  <system-out/>
</testsuite> <!-- serializationanddeserialization.POST_CreateUser -->
