<?xml version="1.0" encoding="UTF-8"?>
<!-- Generated by org.testng.reporters.JUnitReportReporter -->
<testsuite hostname="VIJAY" failures="0" tests="1" name="practice.GetMethodWithPathParameter" time="2.365" errors="0" timestamp="2024-03-04T22:38:23 IST" skipped="0">
  <testcase classname="practice.GetMethodWithPathParameter" name="getwithPathpara" time="2.365"/>
  <system-out/>
</testsuite> <!-- practice.GetMethodWithPathParameter -->
