<?xml version="1.0" encoding="UTF-8"?>
<!-- Generated by org.testng.reporters.JUnitReportReporter -->
<testsuite hostname="VIJAY" failures="0" tests="1" name="practice.Practice1" time="3.080" errors="0" timestamp="2024-03-05T14:29:18 IST" skipped="0">
  <testcase classname="practice.Practice1" name="myTest" time="3.080"/>
  <system-out/>
</testsuite> <!-- practice.Practice1 -->
