<?xml version="1.0" encoding="UTF-8"?>
<!-- Generated by org.testng.reporters.JUnitReportReporter -->
<testsuite hostname="VIJAY" failures="0" tests="1" name="basiccalls.Post_CreateUser" time="4.635" errors="0" timestamp="2024-03-05T17:20:59 IST" skipped="0">
  <testcase classname="basiccalls.Post_CreateUser" name="Post_Createuser" time="4.635"/>
  <system-out/>
</testsuite> <!-- basiccalls.Post_CreateUser -->
