<?xml version="1.0" encoding="UTF-8"?>
<!-- Generated by org.testng.reporters.JUnitReportReporter -->
<testsuite hostname="VIJAY" failures="0" tests="1" name="basiccalls.Get_SingleUser" time="4.532" errors="0" timestamp="2024-03-04T14:16:13 IST" skipped="0">
  <testcase classname="basiccalls.Get_SingleUser" name="getsingleuserdetails" time="4.532"/>
  <system-out/>
</testsuite> <!-- basiccalls.Get_SingleUser -->
