<?xml version="1.0" encoding="UTF-8"?>
<!-- Generated by org.testng.reporters.JUnitReportReporter -->
<testsuite hostname="VIJAY" failures="0" tests="1" name="practice.Practice2" time="2.744" errors="0" timestamp="2024-03-05T16:10:24 IST" skipped="0">
  <testcase classname="practice.Practice2" name="myMethod" time="2.744"/>
  <system-out/>
</testsuite> <!-- practice.Practice2 -->
