<?xml version="1.0" encoding="UTF-8"?>
<!-- Generated by org.testng.reporters.JUnitReportReporter -->
<testsuite hostname="VIJAY" failures="0" tests="1" name="basiccalls.Get_UserInfo" time="5.883" errors="0" timestamp="2024-03-04T17:15:23 IST" skipped="0">
  <testcase classname="basiccalls.Get_UserInfo" name="getCreatedUser" time="5.883"/>
  <system-out/>
</testsuite> <!-- basiccalls.Get_UserInfo -->
