<?xml version="1.0" encoding="UTF-8"?>
<!-- Generated by org.testng.reporters.JUnitReportReporter -->
<testsuite hostname="VIJAY" failures="0" tests="1" name="basiccalls.Get_List_Of_Users" time="3.122" errors="0" timestamp="2024-03-04T07:07:04 IST" skipped="0">
  <testcase classname="basiccalls.Get_List_Of_Users" name="Get_Listofusers" time="3.122"/>
  <system-out/>
</testsuite> <!-- basiccalls.Get_List_Of_Users -->
