<?xml version="1.0" encoding="UTF-8"?>
<!-- Generated by org.testng.reporters.JUnitReportReporter -->
<testsuite hostname="VIJAY" failures="0" tests="1" name="practice.Fetching_Values_from_Responce" time="2.339" errors="0" timestamp="2024-03-05T16:20:05 IST" skipped="0">
  <testcase classname="practice.Fetching_Values_from_Responce" name="mytest" time="2.339"/>
  <system-out/>
</testsuite> <!-- practice.Fetching_Values_from_Responce -->
