<?xml version="1.0" encoding="UTF-8"?>
<!-- Generated by org.testng.reporters.JUnitReportReporter -->
<testsuite hostname="VIJAY" failures="0" tests="1" name="fetching_data_from_responce.FetchDataFromResponseWithSimpleJson" time="5.490" errors="0" timestamp="2024-03-05T17:07:25 IST" skipped="0">
  <testcase classname="fetching_data_from_responce.FetchDataFromResponseWithSimpleJson" name="createUser" time="5.490"/>
  <system-out/>
</testsuite> <!-- fetching_data_from_responce.FetchDataFromResponseWithSimpleJson -->
