<?xml version="1.0" encoding="UTF-8"?>
<!-- Generated by org.testng.reporters.JUnitReportReporter -->
<testsuite hostname="VIJAY" failures="0" tests="1" name="practice.Pojo_implement" time="3.514" errors="0" timestamp="2024-03-07T23:54:40 IST" skipped="0">
  <testcase classname="practice.Pojo_implement" name="Post_Createuser" time="3.514"/>
  <system-out/>
</testsuite> <!-- practice.Pojo_implement -->
